{
  "numFailedTestSuites": 1,
  "numFailedTests": 1,
  "numPassedTestSuites": 1,
  "numPassedTests": 1,
  "numPendingTestSuites": 0,
  "numPendingTests": 0,
  "numRuntimeErrorTestSuites": 0,
  "numTodoTests": 0,
  "numTotalTestSuites": 2,
  "numTotalTests": 2,
  "openHandles": [],
  "snapshot": {
    "added": 0,
    "didUpdate": false,
    "failure": false,
    "filesAdded": 0,
    "filesRemoved": 0,
    "filesRemovedList": [],
    "filesUnmatched": 0,
    "filesUpdated": 0,
    "matched": 0,
    "total": 0,
    "unchecked": 0,
    "uncheckedKeysByFile": [],
    "unmatched": 0,
    "updated": 0
  },
  "startTime": 1613561839846,
  "success": false,
  "testResults": [
    {
      "leaks": false,
      "numFailingTests": 1,
      "numPassingTests": 0,
      "numPendingTests": 0,
      "numTodoTests": 0,
      "openHandles": [],
      "perfStats": {
        "end": 1613561843274,
        "runtime": 3367,
        "slow": false,
        "start": 1613561839907
      },
      "skipped": false,
      "snapshot": {
        "added": 0,
        "fileDeleted": false,
        "matched": 0,
        "unchecked": 0,
        "uncheckedKeys": [],
        "unmatched": 0,
        "updated": 0
      },
      "testFilePath": "/home/runner/work/demo-ui-tests-playwright/demo-ui-tests-playwright/src/test/checkout.test.js",
      "testResults": [
        {
          "ancestorTitles": [
            "Checkout tests"
          ],
          "duration": 978,
          "failureDetails": [
            {
              "matcherResult": {
                "actual": 1,
                "expected": 2,
                "name": "toBe",
                "pass": false
              }
            }
          ],
          "failureMessages": [
            "Error: expect(received).toBe(expected) // Object.is equality\n\nExpected: 2\nReceived: 1\n    at Object.<anonymous> (/home/runner/work/demo-ui-tests-playwright/demo-ui-tests-playwright/src/test/checkout.test.js:16:43)\n    at Generator.next (<anonymous>)\n    at asyncGeneratorStep (/home/runner/work/demo-ui-tests-playwright/demo-ui-tests-playwright/src/test/checkout.test.js:5:103)\n    at _next (/home/runner/work/demo-ui-tests-playwright/demo-ui-tests-playwright/src/test/checkout.test.js:7:194)"
          ],
          "fullName": "Checkout tests Guest can add a product to cart",
          "invocations": 1,
          "location": null,
          "numPassingAsserts": 0,
          "status": "failed",
          "title": "Guest can add a product to cart"
        }
      ],
      "failureMessage": "  ● Checkout tests › Guest can add a product to cart\n\n    expect(received).toBe(expected) // Object.is equality\n\n    Expected: 2\n    Received: 1\n\n      14 |     }\n      15 |\n    > 16 |     await expect(currentNumberOfProducts).toBe(expectedNumberOfProducts)\n         |                                           ^\n      17 |   })\n      18 | })\n      19 |\n\n      at Object.<anonymous> (src/test/checkout.test.js:16:43)\n      at asyncGeneratorStep (src/test/checkout.test.js:5:103)\n      at _next (src/test/checkout.test.js:7:194)\n"
    },
    {
      "leaks": false,
      "numFailingTests": 0,
      "numPassingTests": 1,
      "numPendingTests": 0,
      "numTodoTests": 0,
      "openHandles": [],
      "perfStats": {
        "end": 1613561845814,
        "runtime": 2512,
        "slow": false,
        "start": 1613561843302
      },
      "skipped": false,
      "snapshot": {
        "added": 0,
        "fileDeleted": false,
        "matched": 0,
        "unchecked": 0,
        "uncheckedKeys": [],
        "unmatched": 0,
        "updated": 0
      },
      "testFilePath": "/home/runner/work/demo-ui-tests-playwright/demo-ui-tests-playwright/src/test/authentication.test.js",
      "testResults": [
        {
          "ancestorTitles": [
            "Authentication tests"
          ],
          "duration": 946,
          "failureDetails": [],
          "failureMessages": [],
          "fullName": "Authentication tests Normal user can login",
          "invocations": 1,
          "location": null,
          "numPassingAsserts": 0,
          "status": "passed",
          "title": "Normal user can login"
        }
      ],
      "failureMessage": null
    }
  ],
  "wasInterrupted": false,
  "config": {
    "bail": 0,
    "changedFilesWithAncestor": false,
    "collectCoverage": false,
    "collectCoverageFrom": [],
    "coverageDirectory": "/home/runner/work/demo-ui-tests-playwright/demo-ui-tests-playwright/coverage",
    "coverageProvider": "babel",
    "coverageReporters": [
      "json",
      "text",
      "lcov",
      "clover"
    ],
    "detectLeaks": false,
    "detectOpenHandles": true,
    "errorOnDeprecated": false,
    "expand": false,
    "findRelatedTests": false,
    "forceExit": true,
    "globalSetup": "/home/runner/work/demo-ui-tests-playwright/demo-ui-tests-playwright/src/env/global-setup.js",
    "globalTeardown": "/home/runner/work/demo-ui-tests-playwright/demo-ui-tests-playwright/src/env/global-teardown.js",
    "json": false,
    "lastCommit": false,
    "listTests": false,
    "logHeapUsage": false,
    "maxConcurrency": 5,
    "maxWorkers": 1,
    "noStackTrace": false,
    "nonFlagArgs": [],
    "notify": false,
    "notifyMode": "failure-change",
    "onlyChanged": false,
    "onlyFailures": false,
    "passWithNoTests": false,
    "projects": [],
    "reporters": [
      [
        "default",
        {}
      ],
      [
        "/home/runner/work/demo-ui-tests-playwright/demo-ui-tests-playwright/node_modules/jest-junit/index.js",
        {
          "suiteName": "E2E Demo Shop tests",
          "outputDirectory": "out/reports",
          "outputName": "junit-results.xml",
          "uniqueOutputName": "true"
        }
      ],
      [
        "/home/runner/work/demo-ui-tests-playwright/demo-ui-tests-playwright/node_modules/jest-html-reporters/index.js",
        {
          "publicPath": "out/reports/html-reporter",
          "filename": "test-report.html",
          "expand": true
        }
      ],
      [
        "/home/runner/work/demo-ui-tests-playwright/demo-ui-tests-playwright/node_modules/jest-stare/lib/index.js",
        {
          "resultDir": "out/reports/jest-stare/",
          "reportTitle": "jest-stare!",
          "additionalResultsProcessors": [],
          "resultHtml": "index.html",
          "resultJson": "jest-results.json"
        }
      ]
    ],
    "rootDir": "/home/runner/work/demo-ui-tests-playwright/demo-ui-tests-playwright",
    "runTestsByPath": false,
    "skipFilter": false,
    "testFailureExitCode": 1,
    "testPathPattern": "",
    "testSequencer": "/home/runner/work/demo-ui-tests-playwright/demo-ui-tests-playwright/node_modules/@jest/test-sequencer/build/index.js",
    "updateSnapshot": "none",
    "useStderr": false,
    "verbose": true,
    "watch": false,
    "watchAll": false,
    "watchman": true
  },
  "endTime": 1613561845846,
  "_reporterOptions": {
    "publicPath": "out/reports/html-reporter",
    "filename": "test-report.html",
    "expand": true,
    "pageTitle": "",
    "hideIcon": false,
    "testCommand": "npx jest",
    "multipleReportsUnitePath": ""
  },
  "attachInfos": {}
}