{
  "numFailedTestSuites": 1,
  "numFailedTests": 1,
  "numPassedTestSuites": 1,
  "numPassedTests": 1,
  "numPendingTestSuites": 0,
  "numPendingTests": 0,
  "numRuntimeErrorTestSuites": 0,
  "numTodoTests": 0,
  "numTotalTestSuites": 2,
  "numTotalTests": 2,
  "openHandles": [],
  "snapshot": {
    "added": 0,
    "didUpdate": false,
    "failure": false,
    "filesAdded": 0,
    "filesRemoved": 0,
    "filesRemovedList": [],
    "filesUnmatched": 0,
    "filesUpdated": 0,
    "matched": 0,
    "total": 0,
    "unchecked": 0,
    "uncheckedKeysByFile": [],
    "unmatched": 0,
    "updated": 0
  },
  "startTime": 1613561451238,
  "success": false,
  "testResults": [
    {
      "leaks": false,
      "numFailingTests": 1,
      "numPassingTests": 0,
      "numPendingTests": 0,
      "numTodoTests": 0,
      "openHandles": [],
      "perfStats": {
        "end": 1613561462069,
        "runtime": 10773,
        "slow": true,
        "start": 1613561451296
      },
      "skipped": false,
      "snapshot": {
        "added": 0,
        "fileDeleted": false,
        "matched": 0,
        "unchecked": 0,
        "uncheckedKeys": [],
        "unmatched": 0,
        "updated": 0
      },
      "testFilePath": "/home/runner/work/demo-ui-tests-playwright/demo-ui-tests-playwright/src/test/checkout.test.js",
      "testResults": [
        {
          "ancestorTitles": [
            "Checkout tests"
          ],
          "duration": 5004,
          "failureDetails": [
            {
              "message": "thrown: \"Exceeded timeout of 5000 ms for a hook.\nUse jest.setTimeout(newTimeout) to increase the timeout value, if this is a long-running test.\""
            }
          ],
          "failureMessages": [
            "Error: thrown: \"Exceeded timeout of 5000 ms for a hook.\nUse jest.setTimeout(newTimeout) to increase the timeout value, if this is a long-running test.\"\n    at Object.<anonymous> (/home/runner/work/demo-ui-tests-playwright/demo-ui-tests-playwright/src/env/test-setup.js:9:1)\n    at Runtime._execModule (/home/runner/work/demo-ui-tests-playwright/demo-ui-tests-playwright/node_modules/jest-runtime/build/index.js:1299:24)\n    at Runtime._loadModule (/home/runner/work/demo-ui-tests-playwright/demo-ui-tests-playwright/node_modules/jest-runtime/build/index.js:898:12)\n    at Runtime.requireModule (/home/runner/work/demo-ui-tests-playwright/demo-ui-tests-playwright/node_modules/jest-runtime/build/index.js:746:10)\n    at jestAdapter (/home/runner/work/demo-ui-tests-playwright/demo-ui-tests-playwright/node_modules/jest-circus/build/legacy-code-todo-rewrite/jestAdapter.js:93:15)\n    at runTestInternal (/home/runner/work/demo-ui-tests-playwright/demo-ui-tests-playwright/node_modules/jest-runner/build/runTest.js:380:16)\n    at runTest (/home/runner/work/demo-ui-tests-playwright/demo-ui-tests-playwright/node_modules/jest-runner/build/runTest.js:472:34)"
          ],
          "fullName": "Checkout tests Guest can add a product to cart",
          "invocations": 1,
          "location": null,
          "numPassingAsserts": 0,
          "status": "failed",
          "title": "Guest can add a product to cart"
        }
      ],
      "failureMessage": "  ● Checkout tests › Guest can add a product to cart\n\n    thrown: \"Exceeded timeout of 5000 ms for a hook.\n    Use jest.setTimeout(newTimeout) to increase the timeout value, if this is a long-running test.\"\n\n       7 | })\n       8 |\n    >  9 | beforeEach(async () => {\n         | ^\n      10 |   global.context = await global.browser.newContext({\n      11 |     viewport: {\n      12 |       width: 1280,\n\n      at Object.<anonymous> (src/env/test-setup.js:9:1)\n"
    },
    {
      "leaks": false,
      "numFailingTests": 0,
      "numPassingTests": 1,
      "numPendingTests": 0,
      "numTodoTests": 0,
      "openHandles": [],
      "perfStats": {
        "end": 1613561464439,
        "runtime": 2339,
        "slow": false,
        "start": 1613561462100
      },
      "skipped": false,
      "snapshot": {
        "added": 0,
        "fileDeleted": false,
        "matched": 0,
        "unchecked": 0,
        "uncheckedKeys": [],
        "unmatched": 0,
        "updated": 0
      },
      "testFilePath": "/home/runner/work/demo-ui-tests-playwright/demo-ui-tests-playwright/src/test/authentication.test.js",
      "testResults": [
        {
          "ancestorTitles": [
            "Authentication tests"
          ],
          "duration": 955,
          "failureDetails": [],
          "failureMessages": [],
          "fullName": "Authentication tests Normal user can login",
          "invocations": 1,
          "location": null,
          "numPassingAsserts": 0,
          "status": "passed",
          "title": "Normal user can login"
        }
      ],
      "failureMessage": null
    }
  ],
  "wasInterrupted": false,
  "config": {
    "bail": 0,
    "changedFilesWithAncestor": false,
    "collectCoverage": false,
    "collectCoverageFrom": [],
    "coverageDirectory": "/home/runner/work/demo-ui-tests-playwright/demo-ui-tests-playwright/coverage",
    "coverageProvider": "babel",
    "coverageReporters": [
      "json",
      "text",
      "lcov",
      "clover"
    ],
    "detectLeaks": false,
    "detectOpenHandles": true,
    "errorOnDeprecated": false,
    "expand": false,
    "findRelatedTests": false,
    "forceExit": true,
    "globalSetup": "/home/runner/work/demo-ui-tests-playwright/demo-ui-tests-playwright/src/env/global-setup.js",
    "globalTeardown": "/home/runner/work/demo-ui-tests-playwright/demo-ui-tests-playwright/src/env/global-teardown.js",
    "json": false,
    "lastCommit": false,
    "listTests": false,
    "logHeapUsage": false,
    "maxConcurrency": 5,
    "maxWorkers": 1,
    "noStackTrace": false,
    "nonFlagArgs": [],
    "notify": false,
    "notifyMode": "failure-change",
    "onlyChanged": false,
    "onlyFailures": false,
    "passWithNoTests": false,
    "projects": [],
    "reporters": [
      [
        "default",
        {}
      ],
      [
        "/home/runner/work/demo-ui-tests-playwright/demo-ui-tests-playwright/node_modules/jest-junit/index.js",
        {
          "suiteName": "E2E Demo Shop tests",
          "outputDirectory": "out/reports",
          "outputName": "junit-results.xml",
          "uniqueOutputName": "true"
        }
      ],
      [
        "/home/runner/work/demo-ui-tests-playwright/demo-ui-tests-playwright/node_modules/jest-html-reporters/index.js",
        {
          "publicPath": "out/reports/html-reporter",
          "filename": "test-report.html",
          "expand": true
        }
      ],
      [
        "/home/runner/work/demo-ui-tests-playwright/demo-ui-tests-playwright/node_modules/jest-stare/lib/index.js",
        {
          "resultDir": "out/reports/jest-stare/",
          "reportTitle": "jest-stare!",
          "additionalResultsProcessors": [],
          "resultHtml": "index.html",
          "resultJson": "jest-results.json"
        }
      ]
    ],
    "rootDir": "/home/runner/work/demo-ui-tests-playwright/demo-ui-tests-playwright",
    "runTestsByPath": false,
    "skipFilter": false,
    "testFailureExitCode": 1,
    "testPathPattern": "",
    "testSequencer": "/home/runner/work/demo-ui-tests-playwright/demo-ui-tests-playwright/node_modules/@jest/test-sequencer/build/index.js",
    "updateSnapshot": "none",
    "useStderr": false,
    "verbose": true,
    "watch": false,
    "watchAll": false,
    "watchman": true
  },
  "endTime": 1613561464464,
  "_reporterOptions": {
    "publicPath": "out/reports/html-reporter",
    "filename": "test-report.html",
    "expand": true,
    "pageTitle": "",
    "hideIcon": false,
    "testCommand": "npx jest",
    "multipleReportsUnitePath": ""
  },
  "attachInfos": {}
}